{"uuid":"4bd244df-f9db-4f7c-8acf-e9a80ef0eec6","historyId":"6cb8c4ce2eb161d68f9f608aac85a976","fullName":"com.john.automatitation.MainPageTest.navigationToAllTools","labels":[{"name":"package","value":"com.john.automatitation.MainPageTest"},{"name":"testClass","value":"com.john.automatitation.MainPageTest"},{"name":"testMethod","value":"navigationToAllTools"},{"name":"parentSuite","value":"Default Suite"},{"name":"suite","value":"automatitation"},{"name":"subSuite","value":"com.john.automatitation.MainPageTest"},{"name":"host","value":"LAPTOP-LVK3QHD2"},{"name":"thread","value":"8076@LAPTOP-LVK3QHD2.main(1)"},{"name":"framework","value":"testng"},{"name":"language","value":"java"}],"links":[],"name":"navigationToAllTools","status":"failed","statusDetails":{"known":false,"muted":false,"flaky":false,"message":"Invalid element state [By.xpath: //*[@data-test='suggestion-action']]: element click intercepted: Element <a data-test=\"suggestion-action\" href=\"/products/\" type=\"button\" class=\"_main_1dh718a_17 _modeRock_1dh718a_241 _sizeS_1dh718a_92 _alignIconLeft_1dh718a_77 _light_1dh718a_59\">...</a> is not clickable at point (1010, 556). Other element would receive the click: <p>...</p>\r\nScreenshot: file:/C:/Users/jumbo170/AquaProjects/automatitation/build/reports/tests/1680477775352.0.png\r\nPage source: file:/C:/Users/jumbo170/AquaProjects/automatitation/build/reports/tests/1680477775352.0.html\r\nTimeout: 4 s.\r\nCaused by: ElementClickInterceptedException: element click intercepted: Element <a data-test=\"suggestion-action\" href=\"/products/\" type=\"button\" class=\"_main_1dh718a_17 _modeRock_1dh718a_241 _sizeS_1dh718a_92 _alignIconLeft_1dh718a_77 _light_1dh718a_59\">...</a> is not clickable at point (1010, 556). Other element would receive the click: <p>...</p>","trace":"Invalid element state [By.xpath: //*[@data-test='suggestion-action']]: element click intercepted: Element <a data-test=\"suggestion-action\" href=\"/products/\" type=\"button\" class=\"_main_1dh718a_17 _modeRock_1dh718a_241 _sizeS_1dh718a_92 _alignIconLeft_1dh718a_77 _light_1dh718a_59\">...</a> is not clickable at point (1010, 556). Other element would receive the click: <p>...</p>\r\nScreenshot: file:/C:/Users/jumbo170/AquaProjects/automatitation/build/reports/tests/1680477775352.0.png\r\nPage source: file:/C:/Users/jumbo170/AquaProjects/automatitation/build/reports/tests/1680477775352.0.html\r\nTimeout: 4 s.\r\nCaused by: ElementClickInterceptedException: element click intercepted: Element <a data-test=\"suggestion-action\" href=\"/products/\" type=\"button\" class=\"_main_1dh718a_17 _modeRock_1dh718a_241 _sizeS_1dh718a_92 _alignIconLeft_1dh718a_77 _light_1dh718a_59\">...</a> is not clickable at point (1010, 556). Other element would receive the click: <p>...</p>\r\n\tat com.codeborne.selenide.impl.ExceptionWrapper.wrap(ExceptionWrapper.java:26)\r\n\tat com.codeborne.selenide.impl.SelenideElementProxy.dispatchAndRetry(SelenideElementProxy.java:153)\r\n\tat com.codeborne.selenide.impl.SelenideElementProxy.invoke(SelenideElementProxy.java:83)\r\n\tat jdk.proxy2/jdk.proxy2.$Proxy7.click(Unknown Source)\r\n\tat com.john.automatitation.MainPageTest.navigationToAllTools(MainPageTest.java:52)\r\n\tat java.base/jdk.internal.reflect.NativeMethodAccessorImpl.invoke0(Native Method)\r\n\tat java.base/jdk.internal.reflect.NativeMethodAccessorImpl.invoke(NativeMethodAccessorImpl.java:77)\r\n\tat java.base/jdk.internal.reflect.DelegatingMethodAccessorImpl.invoke(DelegatingMethodAccessorImpl.java:43)\r\n\tat java.base/java.lang.reflect.Method.invoke(Method.java:568)\r\n\tat org.testng.internal.invokers.MethodInvocationHelper.invokeMethod(MethodInvocationHelper.java:139)\r\n\tat org.testng.internal.invokers.TestInvoker.invokeMethod(TestInvoker.java:677)\r\n\tat org.testng.internal.invokers.TestInvoker.invokeTestMethod(TestInvoker.java:221)\r\n\tat org.testng.internal.invokers.MethodRunner.runInSequence(MethodRunner.java:50)\r\n\tat org.testng.internal.invokers.TestInvoker$MethodInvocationAgent.invoke(TestInvoker.java:969)\r\n\tat org.testng.internal.invokers.TestInvoker.invokeTestMethods(TestInvoker.java:194)\r\n\tat org.testng.internal.invokers.TestMethodWorker.invokeTestMethods(TestMethodWorker.java:148)\r\n\tat org.testng.internal.invokers.TestMethodWorker.run(TestMethodWorker.java:128)\r\n\tat java.base/java.util.ArrayList.forEach(ArrayList.java:1511)\r\n\tat org.testng.TestRunner.privateRun(TestRunner.java:829)\r\n\tat org.testng.TestRunner.run(TestRunner.java:602)\r\n\tat org.testng.SuiteRunner.runTest(SuiteRunner.java:437)\r\n\tat org.testng.SuiteRunner.runSequentially(SuiteRunner.java:431)\r\n\tat org.testng.SuiteRunner.privateRun(SuiteRunner.java:391)\r\n\tat org.testng.SuiteRunner.run(SuiteRunner.java:330)\r\n\tat org.testng.SuiteRunnerWorker.runSuite(SuiteRunnerWorker.java:52)\r\n\tat org.testng.SuiteRunnerWorker.run(SuiteRunnerWorker.java:95)\r\n\tat org.testng.TestNG.runSuitesSequentially(TestNG.java:1256)\r\n\tat org.testng.TestNG.runSuitesLocally(TestNG.java:1176)\r\n\tat org.testng.TestNG.runSuites(TestNG.java:1099)\r\n\tat org.testng.TestNG.run(TestNG.java:1067)\r\n\tat com.intellij.rt.testng.IDEARemoteTestNG.run(IDEARemoteTestNG.java:66)\r\n\tat com.intellij.rt.testng.RemoteTestNGStarter.main(RemoteTestNGStarter.java:105)\r\nCaused by: org.openqa.selenium.ElementClickInterceptedException: element click intercepted: Element <a data-test=\"suggestion-action\" href=\"/products/\" type=\"button\" class=\"_main_1dh718a_17 _modeRock_1dh718a_241 _sizeS_1dh718a_92 _alignIconLeft_1dh718a_77 _light_1dh718a_59\">...</a> is not clickable at point (1010, 556). Other element would receive the click: <p>...</p>\n  (Session info: chrome=111.0.5563.147)\nBuild info: version: '4.6.0', revision: '79f1c02ae20'\nSystem info: os.name: 'Windows 11', os.arch: 'amd64', os.version: '10.0', java.version: '17.0.5'\nDriver info: org.openqa.selenium.chrome.ChromeDriver\nCommand: [8a8d8cf3a0189a28059fb3f854727076, clickElement {id=83c7ffd5-ab8c-4492-85cf-9ab56a37e64d}]\nCapabilities {acceptInsecureCerts: true, browserName: chrome, browserVersion: 111.0.5563.147, chrome: {chromedriverVersion: 111.0.5563.64 (c710e93d5b63..., userDataDir: C:\\Users\\jumbo170\\AppData\\L...}, goog:chromeOptions: {debuggerAddress: localhost:53222}, networkConnectionEnabled: false, pageLoadStrategy: normal, platformName: WINDOWS, proxy: Proxy(), se:cdp: ws://localhost:53222/devtoo..., se:cdpVersion: 111.0.5563.147, setWindowRect: true, strictFileInteractability: false, timeouts: {implicit: 0, pageLoad: 300000, script: 30000}, unhandledPromptBehavior: accept, webauthn:extension:credBlob: true, webauthn:extension:largeBlob: true, webauthn:extension:minPinLength: true, webauthn:extension:prf: true, webauthn:virtualAuthenticators: true}\nElement: [[ChromeDriver: chrome on WINDOWS (8a8d8cf3a0189a28059fb3f854727076)] -> xpath: //*[@data-test='suggestion-action']]\nSession ID: 8a8d8cf3a0189a28059fb3f854727076\r\n\tat java.base/jdk.internal.reflect.NativeConstructorAccessorImpl.newInstance0(Native Method)\r\n\tat java.base/jdk.internal.reflect.NativeConstructorAccessorImpl.newInstance(NativeConstructorAccessorImpl.java:77)\r\n\tat java.base/jdk.internal.reflect.DelegatingConstructorAccessorImpl.newInstance(DelegatingConstructorAccessorImpl.java:45)\r\n\tat java.base/java.lang.reflect.Constructor.newInstanceWithCaller(Constructor.java:499)\r\n\tat java.base/java.lang.reflect.Constructor.newInstance(Constructor.java:480)\r\n\tat org.openqa.selenium.remote.codec.w3c.W3CHttpResponseCodec.createException(W3CHttpResponseCodec.java:200)\r\n\tat org.openqa.selenium.remote.codec.w3c.W3CHttpResponseCodec.decode(W3CHttpResponseCodec.java:133)\r\n\tat org.openqa.selenium.remote.codec.w3c.W3CHttpResponseCodec.decode(W3CHttpResponseCodec.java:53)\r\n\tat org.openqa.selenium.remote.HttpCommandExecutor.execute(HttpCommandExecutor.java:184)\r\n\tat org.openqa.selenium.remote.service.DriverCommandExecutor.invokeExecute(DriverCommandExecutor.java:167)\r\n\tat org.openqa.selenium.remote.service.DriverCommandExecutor.execute(DriverCommandExecutor.java:142)\r\n\tat org.openqa.selenium.remote.RemoteWebDriver.execute(RemoteWebDriver.java:535)\r\n\tat org.openqa.selenium.remote.RemoteWebElement.execute(RemoteWebElement.java:257)\r\n\tat org.openqa.selenium.remote.RemoteWebElement.click(RemoteWebElement.java:78)\r\n\tat com.codeborne.selenide.commands.Click.defaultClick(Click.java:97)\r\n\tat com.codeborne.selenide.commands.Click.click(Click.java:54)\r\n\tat com.codeborne.selenide.commands.Click.execute(Click.java:31)\r\n\tat com.codeborne.selenide.commands.Click.execute(Click.java:21)\r\n\tat com.codeborne.selenide.commands.Commands.execute(Commands.java:159)\r\n\tat com.codeborne.selenide.impl.SelenideElementProxy.dispatchAndRetry(SelenideElementProxy.java:131)\r\n\t... 30 more\r\n"},"stage":"finished","steps":[{"name":"$(\"By.xpath: //*[@data-test-marker='Developer Tools']\") click()","status":"passed","stage":"finished","steps":[],"attachments":[],"parameters":[],"start":1680477770927,"stop":1680477771296},{"name":"$(\"By.xpath: //*[@data-test='suggestion-action']\") click()","status":"failed","statusDetails":{"known":false,"muted":false,"flaky":false,"message":"Invalid element state [By.xpath: //*[@data-test='suggestion-action']]: element click intercepted: Element <a data-test=\"suggestion-action\" href=\"/products/\" type=\"button\" class=\"_main_1dh718a_17 _modeRock_1dh718a_241 _sizeS_1dh718a_92 _alignIconLeft_1dh718a_77 _light_1dh718a_59\">...</a> is not clickable at point (1010, 556). Other element would receive the click: <p>...</p>\r\nScreenshot: file:/C:/Users/jumbo170/AquaProjects/automatitation/build/reports/tests/1680477775352.0.png\r\nPage source: file:/C:/Users/jumbo170/AquaProjects/automatitation/build/reports/tests/1680477775352.0.html\r\nTimeout: 4 s.\r\nCaused by: ElementClickInterceptedException: element click intercepted: Element <a data-test=\"suggestion-action\" href=\"/products/\" type=\"button\" class=\"_main_1dh718a_17 _modeRock_1dh718a_241 _sizeS_1dh718a_92 _alignIconLeft_1dh718a_77 _light_1dh718a_59\">...</a> is not clickable at point (1010, 556). Other element would receive the click: <p>...</p>","trace":"Invalid element state [By.xpath: //*[@data-test='suggestion-action']]: element click intercepted: Element <a data-test=\"suggestion-action\" href=\"/products/\" type=\"button\" class=\"_main_1dh718a_17 _modeRock_1dh718a_241 _sizeS_1dh718a_92 _alignIconLeft_1dh718a_77 _light_1dh718a_59\">...</a> is not clickable at point (1010, 556). Other element would receive the click: <p>...</p>\r\nScreenshot: file:/C:/Users/jumbo170/AquaProjects/automatitation/build/reports/tests/1680477775352.0.png\r\nPage source: file:/C:/Users/jumbo170/AquaProjects/automatitation/build/reports/tests/1680477775352.0.html\r\nTimeout: 4 s.\r\nCaused by: ElementClickInterceptedException: element click intercepted: Element <a data-test=\"suggestion-action\" href=\"/products/\" type=\"button\" class=\"_main_1dh718a_17 _modeRock_1dh718a_241 _sizeS_1dh718a_92 _alignIconLeft_1dh718a_77 _light_1dh718a_59\">...</a> is not clickable at point (1010, 556). Other element would receive the click: <p>...</p>\r\n\tat com.codeborne.selenide.impl.ExceptionWrapper.wrap(ExceptionWrapper.java:26)\r\n\tat com.codeborne.selenide.impl.SelenideElementProxy.dispatchAndRetry(SelenideElementProxy.java:153)\r\n\tat com.codeborne.selenide.impl.SelenideElementProxy.invoke(SelenideElementProxy.java:83)\r\n\tat jdk.proxy2/jdk.proxy2.$Proxy7.click(Unknown Source)\r\n\tat com.john.automatitation.MainPageTest.navigationToAllTools(MainPageTest.java:52)\r\n\tat java.base/jdk.internal.reflect.NativeMethodAccessorImpl.invoke0(Native Method)\r\n\tat java.base/jdk.internal.reflect.NativeMethodAccessorImpl.invoke(NativeMethodAccessorImpl.java:77)\r\n\tat java.base/jdk.internal.reflect.DelegatingMethodAccessorImpl.invoke(DelegatingMethodAccessorImpl.java:43)\r\n\tat java.base/java.lang.reflect.Method.invoke(Method.java:568)\r\n\tat org.testng.internal.invokers.MethodInvocationHelper.invokeMethod(MethodInvocationHelper.java:139)\r\n\tat org.testng.internal.invokers.TestInvoker.invokeMethod(TestInvoker.java:677)\r\n\tat org.testng.internal.invokers.TestInvoker.invokeTestMethod(TestInvoker.java:221)\r\n\tat org.testng.internal.invokers.MethodRunner.runInSequence(MethodRunner.java:50)\r\n\tat org.testng.internal.invokers.TestInvoker$MethodInvocationAgent.invoke(TestInvoker.java:969)\r\n\tat org.testng.internal.invokers.TestInvoker.invokeTestMethods(TestInvoker.java:194)\r\n\tat org.testng.internal.invokers.TestMethodWorker.invokeTestMethods(TestMethodWorker.java:148)\r\n\tat org.testng.internal.invokers.TestMethodWorker.run(TestMethodWorker.java:128)\r\n\tat java.base/java.util.ArrayList.forEach(ArrayList.java:1511)\r\n\tat org.testng.TestRunner.privateRun(TestRunner.java:829)\r\n\tat org.testng.TestRunner.run(TestRunner.java:602)\r\n\tat org.testng.SuiteRunner.runTest(SuiteRunner.java:437)\r\n\tat org.testng.SuiteRunner.runSequentially(SuiteRunner.java:431)\r\n\tat org.testng.SuiteRunner.privateRun(SuiteRunner.java:391)\r\n\tat org.testng.SuiteRunner.run(SuiteRunner.java:330)\r\n\tat org.testng.SuiteRunnerWorker.runSuite(SuiteRunnerWorker.java:52)\r\n\tat org.testng.SuiteRunnerWorker.run(SuiteRunnerWorker.java:95)\r\n\tat org.testng.TestNG.runSuitesSequentially(TestNG.java:1256)\r\n\tat org.testng.TestNG.runSuitesLocally(TestNG.java:1176)\r\n\tat org.testng.TestNG.runSuites(TestNG.java:1099)\r\n\tat org.testng.TestNG.run(TestNG.java:1067)\r\n\tat com.intellij.rt.testng.IDEARemoteTestNG.run(IDEARemoteTestNG.java:66)\r\n\tat com.intellij.rt.testng.RemoteTestNGStarter.main(RemoteTestNGStarter.java:105)\r\nCaused by: org.openqa.selenium.ElementClickInterceptedException: element click intercepted: Element <a data-test=\"suggestion-action\" href=\"/products/\" type=\"button\" class=\"_main_1dh718a_17 _modeRock_1dh718a_241 _sizeS_1dh718a_92 _alignIconLeft_1dh718a_77 _light_1dh718a_59\">...</a> is not clickable at point (1010, 556). Other element would receive the click: <p>...</p>\n  (Session info: chrome=111.0.5563.147)\nBuild info: version: '4.6.0', revision: '79f1c02ae20'\nSystem info: os.name: 'Windows 11', os.arch: 'amd64', os.version: '10.0', java.version: '17.0.5'\nDriver info: org.openqa.selenium.chrome.ChromeDriver\nCommand: [8a8d8cf3a0189a28059fb3f854727076, clickElement {id=83c7ffd5-ab8c-4492-85cf-9ab56a37e64d}]\nCapabilities {acceptInsecureCerts: true, browserName: chrome, browserVersion: 111.0.5563.147, chrome: {chromedriverVersion: 111.0.5563.64 (c710e93d5b63..., userDataDir: C:\\Users\\jumbo170\\AppData\\L...}, goog:chromeOptions: {debuggerAddress: localhost:53222}, networkConnectionEnabled: false, pageLoadStrategy: normal, platformName: WINDOWS, proxy: Proxy(), se:cdp: ws://localhost:53222/devtoo..., se:cdpVersion: 111.0.5563.147, setWindowRect: true, strictFileInteractability: false, timeouts: {implicit: 0, pageLoad: 300000, script: 30000}, unhandledPromptBehavior: accept, webauthn:extension:credBlob: true, webauthn:extension:largeBlob: true, webauthn:extension:minPinLength: true, webauthn:extension:prf: true, webauthn:virtualAuthenticators: true}\nElement: [[ChromeDriver: chrome on WINDOWS (8a8d8cf3a0189a28059fb3f854727076)] -> xpath: //*[@data-test='suggestion-action']]\nSession ID: 8a8d8cf3a0189a28059fb3f854727076\r\n\tat java.base/jdk.internal.reflect.NativeConstructorAccessorImpl.newInstance0(Native Method)\r\n\tat java.base/jdk.internal.reflect.NativeConstructorAccessorImpl.newInstance(NativeConstructorAccessorImpl.java:77)\r\n\tat java.base/jdk.internal.reflect.DelegatingConstructorAccessorImpl.newInstance(DelegatingConstructorAccessorImpl.java:45)\r\n\tat java.base/java.lang.reflect.Constructor.newInstanceWithCaller(Constructor.java:499)\r\n\tat java.base/java.lang.reflect.Constructor.newInstance(Constructor.java:480)\r\n\tat org.openqa.selenium.remote.codec.w3c.W3CHttpResponseCodec.createException(W3CHttpResponseCodec.java:200)\r\n\tat org.openqa.selenium.remote.codec.w3c.W3CHttpResponseCodec.decode(W3CHttpResponseCodec.java:133)\r\n\tat org.openqa.selenium.remote.codec.w3c.W3CHttpResponseCodec.decode(W3CHttpResponseCodec.java:53)\r\n\tat org.openqa.selenium.remote.HttpCommandExecutor.execute(HttpCommandExecutor.java:184)\r\n\tat org.openqa.selenium.remote.service.DriverCommandExecutor.invokeExecute(DriverCommandExecutor.java:167)\r\n\tat org.openqa.selenium.remote.service.DriverCommandExecutor.execute(DriverCommandExecutor.java:142)\r\n\tat org.openqa.selenium.remote.RemoteWebDriver.execute(RemoteWebDriver.java:535)\r\n\tat org.openqa.selenium.remote.RemoteWebElement.execute(RemoteWebElement.java:257)\r\n\tat org.openqa.selenium.remote.RemoteWebElement.click(RemoteWebElement.java:78)\r\n\tat com.codeborne.selenide.commands.Click.defaultClick(Click.java:97)\r\n\tat com.codeborne.selenide.commands.Click.click(Click.java:54)\r\n\tat com.codeborne.selenide.commands.Click.execute(Click.java:31)\r\n\tat com.codeborne.selenide.commands.Click.execute(Click.java:21)\r\n\tat com.codeborne.selenide.commands.Commands.execute(Commands.java:159)\r\n\tat com.codeborne.selenide.impl.SelenideElementProxy.dispatchAndRetry(SelenideElementProxy.java:131)\r\n\t... 30 more\r\n"},"stage":"finished","steps":[],"attachments":[{"name":"Screenshot","source":"4dd1a781-a245-48a9-9165-88fd27a7c4e1-attachment.png","type":"image/png"},{"name":"Page source","source":"f79272e5-ef3c-4396-8e81-184d8ad0d41d-attachment.html","type":"text/html"}],"parameters":[],"start":1680477771297,"stop":1680477775965}],"attachments":[],"parameters":[],"start":1680477770920,"stop":1680477775980}